

Started GET "/" for 127.0.0.1 at 2013-08-08 14:51:36 -0400
Processing by Rails::WelcomeController#index as HTML
  Rendered C:/RailsInstaller/Ruby1.9.3/lib/ruby/gems/1.9.1/gems/railties-4.0.0.rc2/lib/rails/templates/rails/welcome/index.html.erb (16.0ms)
Completed 200 OK in 144ms (Views: 52.0ms | ActiveRecord: 0.0ms)


Started GET "/rails/info/properties" for 127.0.0.1 at 2013-08-08 14:52:05 -0400
Processing by Rails::InfoController#properties as */*
  Rendered C:/RailsInstaller/Ruby1.9.3/lib/ruby/gems/1.9.1/gems/railties-4.0.0.rc2/lib/rails/templates/rails/info/properties.html.erb (2.0ms)
Completed 200 OK in 85ms (Views: 44.0ms | ActiveRecord: 9.0ms)


Started GET "/" for 127.0.0.1 at 2013-08-08 14:53:12 -0400
Processing by Rails::WelcomeController#index as HTML
  Rendered C:/RailsInstaller/Ruby1.9.3/lib/ruby/gems/1.9.1/gems/railties-4.0.0.rc2/lib/rails/templates/rails/welcome/index.html.erb (0.0ms)
Completed 200 OK in 10ms (Views: 10.0ms | ActiveRecord: 0.0ms)


Started GET "/pages/home" for 127.0.0.1 at 2013-08-12 13:42:40 -0400
Processing by PagesController#home as HTML
  Rendered pages/home.html.erb within layouts/application (1.0ms)
Completed 500 Internal Server Error in 7505ms

ActionView::Template::Error (
  (in C:/RailsInstaller/Ruby1.9.3/lib/ruby/gems/1.9.1/gems/turbolinks-1.3.0/lib/assets/javascripts/turbolinks.js.coffee)):
    3: <head>
    4:   <title>Omrails</title>
    5:   <%= stylesheet_link_tag    "application", media: "all", "data-turbolinks-track" => true %>
    6:   <%= javascript_include_tag "application", "data-turbolinks-track" => true %>
    7:   <%= csrf_meta_tags %>
    8: </head>
    9: <body>
  app/views/layouts/application.html.erb:6:in `_app_views_layouts_application_html_erb___160798311_39895176'


  Rendered C:/RailsInstaller/Ruby1.9.3/lib/ruby/gems/1.9.1/gems/actionpack-4.0.0.rc2/lib/action_dispatch/middleware/templates/rescues/_trace.erb (1.0ms)
  Rendered C:/RailsInstaller/Ruby1.9.3/lib/ruby/gems/1.9.1/gems/actionpack-4.0.0.rc2/lib/action_dispatch/middleware/templates/rescues/_request_and_response.erb (2.0ms)
  Rendered C:/RailsInstaller/Ruby1.9.3/lib/ruby/gems/1.9.1/gems/actionpack-4.0.0.rc2/lib/action_dispatch/middleware/templates/rescues/template_error.erb within rescues/layout (36.0ms)


Started GET "/pages/about" for 127.0.0.1 at 2013-08-12 13:44:05 -0400

ActionController::RoutingError (No route matches [GET] "/pages/about"):
  actionpack (4.0.0.rc2) lib/action_dispatch/middleware/debug_exceptions.rb:21:in `call'
  actionpack (4.0.0.rc2) lib/action_dispatch/middleware/show_exceptions.rb:30:in `call'
  railties (4.0.0.rc2) lib/rails/rack/logger.rb:38:in `call_app'
  railties (4.0.0.rc2) lib/rails/rack/logger.rb:21:in `block in call'
  activesupport (4.0.0.rc2) lib/active_support/tagged_logging.rb:67:in `block in tagged'
  activesupport (4.0.0.rc2) lib/active_support/tagged_logging.rb:25:in `tagged'
  activesupport (4.0.0.rc2) lib/active_support/tagged_logging.rb:67:in `tagged'
  railties (4.0.0.rc2) lib/rails/rack/logger.rb:21:in `call'
  actionpack (4.0.0.rc2) lib/action_dispatch/middleware/request_id.rb:21:in `call'
  rack (1.5.2) lib/rack/methodoverride.rb:21:in `call'
  rack (1.5.2) lib/rack/runtime.rb:17:in `call'
  activesupport (4.0.0.rc2) lib/active_support/cache/strategy/local_cache.rb:83:in `call'
  rack (1.5.2) lib/rack/lock.rb:17:in `call'
  actionpack (4.0.0.rc2) lib/action_dispatch/middleware/static.rb:64:in `call'
  railties (4.0.0.rc2) lib/rails/engine.rb:511:in `call'
  railties (4.0.0.rc2) lib/rails/application.rb:97:in `call'
  rack (1.5.2) lib/rack/lock.rb:17:in `call'
  rack (1.5.2) lib/rack/content_length.rb:14:in `call'
  rack (1.5.2) lib/rack/handler/webrick.rb:60:in `service'
  C:/RailsInstaller/Ruby1.9.3/lib/ruby/1.9.1/webrick/httpserver.rb:138:in `service'
  C:/RailsInstaller/Ruby1.9.3/lib/ruby/1.9.1/webrick/httpserver.rb:94:in `run'
  C:/RailsInstaller/Ruby1.9.3/lib/ruby/1.9.1/webrick/server.rb:191:in `block in start_thread'


  Rendered C:/RailsInstaller/Ruby1.9.3/lib/ruby/gems/1.9.1/gems/actionpack-4.0.0.rc2/lib/action_dispatch/middleware/templates/rescues/_trace.erb (6.0ms)
  Rendered C:/RailsInstaller/Ruby1.9.3/lib/ruby/gems/1.9.1/gems/actionpack-4.0.0.rc2/lib/action_dispatch/middleware/templates/routes/_route.html.erb (3.0ms)
  Rendered C:/RailsInstaller/Ruby1.9.3/lib/ruby/gems/1.9.1/gems/actionpack-4.0.0.rc2/lib/action_dispatch/middleware/templates/routes/_table.html.erb (67.0ms)
  Rendered C:/RailsInstaller/Ruby1.9.3/lib/ruby/gems/1.9.1/gems/actionpack-4.0.0.rc2/lib/action_dispatch/middleware/templates/rescues/routing_error.erb within rescues/layout (217.1ms)


Started GET "/pages/home" for 127.0.0.1 at 2013-08-12 13:48:21 -0400
Processing by PagesController#home as HTML
  Rendered pages/home.html.erb within layouts/application (0.0ms)
Completed 500 Internal Server Error in 3721ms

ActionView::Template::Error (
  (in C:/RailsInstaller/Ruby1.9.3/lib/ruby/gems/1.9.1/gems/turbolinks-1.3.0/lib/assets/javascripts/turbolinks.js.coffee)):
    3: <head>
    4:   <title>Omrails</title>
    5:   <%= stylesheet_link_tag    "application", media: "all", "data-turbolinks-track" => true %>
    6:   <%= javascript_include_tag "application", "data-turbolinks-track" => true %>
    7:   <%= csrf_meta_tags %>
    8: </head>
    9: <body>
  app/views/layouts/application.html.erb:6:in `_app_views_layouts_application_html_erb___160798311_39895176'


  Rendered C:/RailsInstaller/Ruby1.9.3/lib/ruby/gems/1.9.1/gems/actionpack-4.0.0.rc2/lib/action_dispatch/middleware/templates/rescues/_trace.erb (3.0ms)
  Rendered C:/RailsInstaller/Ruby1.9.3/lib/ruby/gems/1.9.1/gems/actionpack-4.0.0.rc2/lib/action_dispatch/middleware/templates/rescues/_request_and_response.erb (2.0ms)
  Rendered C:/RailsInstaller/Ruby1.9.3/lib/ruby/gems/1.9.1/gems/actionpack-4.0.0.rc2/lib/action_dispatch/middleware/templates/rescues/template_error.erb within rescues/layout (40.0ms)


Started GET "/pages/home" for 127.0.0.1 at 2013-08-12 13:48:53 -0400
Processing by PagesController#home as HTML
  Rendered pages/home.html.erb within layouts/application (0.0ms)
Completed 500 Internal Server Error in 5883ms

ActionView::Template::Error (
  (in C:/RailsInstaller/Ruby1.9.3/lib/ruby/gems/1.9.1/gems/turbolinks-1.3.0/lib/assets/javascripts/turbolinks.js.coffee)):
    3: <head>
    4:   <title>Omrails</title>
    5:   <%= stylesheet_link_tag    "application", media: "all", "data-turbolinks-track" => true %>
    6:   <%= javascript_include_tag "application", "data-turbolinks-track" => true %>
    7:   <%= csrf_meta_tags %>
    8: </head>
    9: <body>
  app/views/layouts/application.html.erb:6:in `_app_views_layouts_application_html_erb___160798311_39895176'


  Rendered C:/RailsInstaller/Ruby1.9.3/lib/ruby/gems/1.9.1/gems/actionpack-4.0.0.rc2/lib/action_dispatch/middleware/templates/rescues/_trace.erb (3.0ms)
  Rendered C:/RailsInstaller/Ruby1.9.3/lib/ruby/gems/1.9.1/gems/actionpack-4.0.0.rc2/lib/action_dispatch/middleware/templates/rescues/_request_and_response.erb (2.0ms)
  Rendered C:/RailsInstaller/Ruby1.9.3/lib/ruby/gems/1.9.1/gems/actionpack-4.0.0.rc2/lib/action_dispatch/middleware/templates/rescues/template_error.erb within rescues/layout (57.0ms)


Started GET "/pages/home" for 127.0.0.1 at 2013-08-12 13:49:05 -0400
Processing by PagesController#home as HTML
  Rendered pages/home.html.erb within layouts/application (0.0ms)
Completed 500 Internal Server Error in 5584ms

ActionView::Template::Error (
  (in C:/RailsInstaller/Ruby1.9.3/lib/ruby/gems/1.9.1/gems/turbolinks-1.3.0/lib/assets/javascripts/turbolinks.js.coffee)):
    3: <head>
    4:   <title>Omrails</title>
    5:   <%= stylesheet_link_tag    "application", media: "all", "data-turbolinks-track" => true %>
    6:   <%= javascript_include_tag "application", "data-turbolinks-track" => true %>
    7:   <%= csrf_meta_tags %>
    8: </head>
    9: <body>
  app/views/layouts/application.html.erb:6:in `_app_views_layouts_application_html_erb___160798311_39895176'


  Rendered C:/RailsInstaller/Ruby1.9.3/lib/ruby/gems/1.9.1/gems/actionpack-4.0.0.rc2/lib/action_dispatch/middleware/templates/rescues/_trace.erb (2.0ms)
  Rendered C:/RailsInstaller/Ruby1.9.3/lib/ruby/gems/1.9.1/gems/actionpack-4.0.0.rc2/lib/action_dispatch/middleware/templates/rescues/_request_and_response.erb (2.0ms)
  Rendered C:/RailsInstaller/Ruby1.9.3/lib/ruby/gems/1.9.1/gems/actionpack-4.0.0.rc2/lib/action_dispatch/middleware/templates/rescues/template_error.erb within rescues/layout (54.0ms)


Started GET "/pages/home" for 127.0.0.1 at 2013-08-12 13:49:22 -0400
Processing by PagesController#home as HTML
  Rendered pages/home.html.erb within layouts/application (0.0ms)
Completed 500 Internal Server Error in 5830ms

ActionView::Template::Error (
  (in C:/RailsInstaller/Ruby1.9.3/lib/ruby/gems/1.9.1/gems/turbolinks-1.3.0/lib/assets/javascripts/turbolinks.js.coffee)):
    3: <head>
    4:   <title>Omrails</title>
    5:   <%= stylesheet_link_tag    "application", media: "all", "data-turbolinks-track" => true %>
    6:   <%= javascript_include_tag "application", "data-turbolinks-track" => true %>
    7:   <%= csrf_meta_tags %>
    8: </head>
    9: <body>
  app/views/layouts/application.html.erb:6:in `_app_views_layouts_application_html_erb___160798311_39895176'


  Rendered C:/RailsInstaller/Ruby1.9.3/lib/ruby/gems/1.9.1/gems/actionpack-4.0.0.rc2/lib/action_dispatch/middleware/templates/rescues/_trace.erb (3.0ms)
  Rendered C:/RailsInstaller/Ruby1.9.3/lib/ruby/gems/1.9.1/gems/actionpack-4.0.0.rc2/lib/action_dispatch/middleware/templates/rescues/_request_and_response.erb (2.0ms)
  Rendered C:/RailsInstaller/Ruby1.9.3/lib/ruby/gems/1.9.1/gems/actionpack-4.0.0.rc2/lib/action_dispatch/middleware/templates/rescues/template_error.erb within rescues/layout (50.0ms)


Started GET "/pages/home" for 127.0.0.1 at 2013-08-12 13:53:50 -0400
Processing by PagesController#home as HTML
  Rendered pages/home.html.erb within layouts/application (0.0ms)
Completed 500 Internal Server Error in 3367ms

ActionView::Template::Error (
  (in C:/RailsInstaller/Ruby1.9.3/lib/ruby/gems/1.9.1/gems/turbolinks-1.3.0/lib/assets/javascripts/turbolinks.js.coffee)):
    3: <head>
    4:   <title>Omrails</title>
    5:   <%= stylesheet_link_tag    "application", media: "all", "data-turbolinks-track" => true %>
    6:   <%= javascript_include_tag "application", "data-turbolinks-track" => true %>
    7:   <%= csrf_meta_tags %>
    8: </head>
    9: <body>
  app/views/layouts/application.html.erb:6:in `_app_views_layouts_application_html_erb___160798311_39895176'


  Rendered C:/RailsInstaller/Ruby1.9.3/lib/ruby/gems/1.9.1/gems/actionpack-4.0.0.rc2/lib/action_dispatch/middleware/templates/rescues/_trace.erb (2.0ms)
  Rendered C:/RailsInstaller/Ruby1.9.3/lib/ruby/gems/1.9.1/gems/actionpack-4.0.0.rc2/lib/action_dispatch/middleware/templates/rescues/_request_and_response.erb (1.0ms)
  Rendered C:/RailsInstaller/Ruby1.9.3/lib/ruby/gems/1.9.1/gems/actionpack-4.0.0.rc2/lib/action_dispatch/middleware/templates/rescues/template_error.erb within rescues/layout (49.0ms)


Started GET "/pages/home" for 127.0.0.1 at 2013-08-12 13:55:22 -0400
Processing by PagesController#home as HTML
  Rendered pages/home.html.erb within layouts/application (0.0ms)
Completed 200 OK in 5ms (Views: 5.0ms | ActiveRecord: 0.0ms)


Started GET "/assets/pages.css?body=1" for 127.0.0.1 at 2013-08-12 13:55:22 -0400


Started GET "/assets/application.css?body=1" for 127.0.0.1 at 2013-08-12 13:55:22 -0400


Started GET "/" for 127.0.0.1 at 2013-08-12 14:18:49 -0400

AbstractController::ActionNotFound (The action 'index' could not be found for PagesController):
  actionpack (4.0.0.rc2) lib/abstract_controller/base.rb:131:in `process'
  actionpack (4.0.0.rc2) lib/abstract_controller/rendering.rb:44:in `process'
  actionpack (4.0.0.rc2) lib/action_controller/metal.rb:195:in `dispatch'
  actionpack (4.0.0.rc2) lib/action_controller/metal/rack_delegation.rb:13:in `dispatch'
  actionpack (4.0.0.rc2) lib/action_controller/metal.rb:231:in `block in action'
  actionpack (4.0.0.rc2) lib/action_dispatch/routing/route_set.rb:80:in `call'
  actionpack (4.0.0.rc2) lib/action_dispatch/routing/route_set.rb:80:in `dispatch'
  actionpack (4.0.0.rc2) lib/action_dispatch/routing/route_set.rb:48:in `call'
  actionpack (4.0.0.rc2) lib/action_dispatch/journey/router.rb:71:in `block in call'
  actionpack (4.0.0.rc2) lib/action_dispatch/journey/router.rb:59:in `each'
  actionpack (4.0.0.rc2) lib/action_dispatch/journey/router.rb:59:in `call'
  actionpack (4.0.0.rc2) lib/action_dispatch/routing/route_set.rb:655:in `call'
  rack (1.5.2) lib/rack/etag.rb:23:in `call'
  rack (1.5.2) lib/rack/conditionalget.rb:25:in `call'
  rack (1.5.2) lib/rack/head.rb:11:in `call'
  actionpack (4.0.0.rc2) lib/action_dispatch/middleware/params_parser.rb:27:in `call'
  actionpack (4.0.0.rc2) lib/action_dispatch/middleware/flash.rb:241:in `call'
  rack (1.5.2) lib/rack/session/abstract/id.rb:225:in `context'
  rack (1.5.2) lib/rack/session/abstract/id.rb:220:in `call'
  actionpack (4.0.0.rc2) lib/action_dispatch/middleware/cookies.rb:486:in `call'
  activerecord (4.0.0.rc2) lib/active_record/query_cache.rb:36:in `call'
  activerecord (4.0.0.rc2) lib/active_record/connection_adapters/abstract/connection_pool.rb:626:in `call'
  activerecord (4.0.0.rc2) lib/active_record/migration.rb:369:in `call'
  actionpack (4.0.0.rc2) lib/action_dispatch/middleware/callbacks.rb:29:in `block in call'
  activesupport (4.0.0.rc2) lib/active_support/callbacks.rb:373:in `_run__1013754082__call__callbacks'
  activesupport (4.0.0.rc2) lib/active_support/callbacks.rb:80:in `run_callbacks'
  actionpack (4.0.0.rc2) lib/action_dispatch/middleware/callbacks.rb:27:in `call'
  actionpack (4.0.0.rc2) lib/action_dispatch/middleware/reloader.rb:64:in `call'
  actionpack (4.0.0.rc2) lib/action_dispatch/middleware/remote_ip.rb:76:in `call'
  actionpack (4.0.0.rc2) lib/action_dispatch/middleware/debug_exceptions.rb:17:in `call'
  actionpack (4.0.0.rc2) lib/action_dispatch/middleware/show_exceptions.rb:30:in `call'
  railties (4.0.0.rc2) lib/rails/rack/logger.rb:38:in `call_app'
  railties (4.0.0.rc2) lib/rails/rack/logger.rb:21:in `block in call'
  activesupport (4.0.0.rc2) lib/active_support/tagged_logging.rb:67:in `block in tagged'
  activesupport (4.0.0.rc2) lib/active_support/tagged_logging.rb:25:in `tagged'
  activesupport (4.0.0.rc2) lib/active_support/tagged_logging.rb:67:in `tagged'
  railties (4.0.0.rc2) lib/rails/rack/logger.rb:21:in `call'
  actionpack (4.0.0.rc2) lib/action_dispatch/middleware/request_id.rb:21:in `call'
  rack (1.5.2) lib/rack/methodoverride.rb:21:in `call'
  rack (1.5.2) lib/rack/runtime.rb:17:in `call'
  activesupport (4.0.0.rc2) lib/active_support/cache/strategy/local_cache.rb:83:in `call'
  rack (1.5.2) lib/rack/lock.rb:17:in `call'
  actionpack (4.0.0.rc2) lib/action_dispatch/middleware/static.rb:64:in `call'
  railties (4.0.0.rc2) lib/rails/engine.rb:511:in `call'
  railties (4.0.0.rc2) lib/rails/application.rb:97:in `call'
  rack (1.5.2) lib/rack/lock.rb:17:in `call'
  rack (1.5.2) lib/rack/content_length.rb:14:in `call'
  rack (1.5.2) lib/rack/handler/webrick.rb:60:in `service'
  C:/RailsInstaller/Ruby1.9.3/lib/ruby/1.9.1/webrick/httpserver.rb:138:in `service'
  C:/RailsInstaller/Ruby1.9.3/lib/ruby/1.9.1/webrick/httpserver.rb:94:in `run'
  C:/RailsInstaller/Ruby1.9.3/lib/ruby/1.9.1/webrick/server.rb:191:in `block in start_thread'


  Rendered C:/RailsInstaller/Ruby1.9.3/lib/ruby/gems/1.9.1/gems/actionpack-4.0.0.rc2/lib/action_dispatch/middleware/templates/rescues/unknown_action.erb within rescues/layout (1.0ms)


Started GET "/" for 127.0.0.1 at 2013-08-12 14:23:01 -0400
Processing by PagesController#home as HTML
  Rendered pages/home.html.erb within layouts/application (0.0ms)
Completed 200 OK in 11ms (Views: 8.0ms | ActiveRecord: 0.0ms)


Started GET "/assets/application.css?body=1" for 127.0.0.1 at 2013-08-12 14:23:02 -0400


Started GET "/assets/pages.css?body=1" for 127.0.0.1 at 2013-08-12 14:23:02 -0400


Started GET "/pages/home" for 127.0.0.1 at 2013-08-12 14:23:14 -0400

ActionController::RoutingError (No route matches [GET] "/pages/home"):
  actionpack (4.0.0.rc2) lib/action_dispatch/middleware/debug_exceptions.rb:21:in `call'
  actionpack (4.0.0.rc2) lib/action_dispatch/middleware/show_exceptions.rb:30:in `call'
  railties (4.0.0.rc2) lib/rails/rack/logger.rb:38:in `call_app'
  railties (4.0.0.rc2) lib/rails/rack/logger.rb:21:in `block in call'
  activesupport (4.0.0.rc2) lib/active_support/tagged_logging.rb:67:in `block in tagged'
  activesupport (4.0.0.rc2) lib/active_support/tagged_logging.rb:25:in `tagged'
  activesupport (4.0.0.rc2) lib/active_support/tagged_logging.rb:67:in `tagged'
  railties (4.0.0.rc2) lib/rails/rack/logger.rb:21:in `call'
  actionpack (4.0.0.rc2) lib/action_dispatch/middleware/request_id.rb:21:in `call'
  rack (1.5.2) lib/rack/methodoverride.rb:21:in `call'
  rack (1.5.2) lib/rack/runtime.rb:17:in `call'
  activesupport (4.0.0.rc2) lib/active_support/cache/strategy/local_cache.rb:83:in `call'
  rack (1.5.2) lib/rack/lock.rb:17:in `call'
  actionpack (4.0.0.rc2) lib/action_dispatch/middleware/static.rb:64:in `call'
  railties (4.0.0.rc2) lib/rails/engine.rb:511:in `call'
  railties (4.0.0.rc2) lib/rails/application.rb:97:in `call'
  rack (1.5.2) lib/rack/lock.rb:17:in `call'
  rack (1.5.2) lib/rack/content_length.rb:14:in `call'
  rack (1.5.2) lib/rack/handler/webrick.rb:60:in `service'
  C:/RailsInstaller/Ruby1.9.3/lib/ruby/1.9.1/webrick/httpserver.rb:138:in `service'
  C:/RailsInstaller/Ruby1.9.3/lib/ruby/1.9.1/webrick/httpserver.rb:94:in `run'
  C:/RailsInstaller/Ruby1.9.3/lib/ruby/1.9.1/webrick/server.rb:191:in `block in start_thread'


  Rendered C:/RailsInstaller/Ruby1.9.3/lib/ruby/gems/1.9.1/gems/actionpack-4.0.0.rc2/lib/action_dispatch/middleware/templates/rescues/_trace.erb (7.0ms)
  Rendered C:/RailsInstaller/Ruby1.9.3/lib/ruby/gems/1.9.1/gems/actionpack-4.0.0.rc2/lib/action_dispatch/middleware/templates/routes/_route.html.erb (2.0ms)
  Rendered C:/RailsInstaller/Ruby1.9.3/lib/ruby/gems/1.9.1/gems/actionpack-4.0.0.rc2/lib/action_dispatch/middleware/templates/routes/_table.html.erb (2.0ms)
  Rendered C:/RailsInstaller/Ruby1.9.3/lib/ruby/gems/1.9.1/gems/actionpack-4.0.0.rc2/lib/action_dispatch/middleware/templates/rescues/routing_error.erb within rescues/layout (71.1ms)


Started GET "/about" for 127.0.0.1 at 2013-08-12 14:25:26 -0400

AbstractController::ActionNotFound (The action 'about' could not be found for PagesController):
  actionpack (4.0.0.rc2) lib/abstract_controller/base.rb:131:in `process'
  actionpack (4.0.0.rc2) lib/abstract_controller/rendering.rb:44:in `process'
  actionpack (4.0.0.rc2) lib/action_controller/metal.rb:195:in `dispatch'
  actionpack (4.0.0.rc2) lib/action_controller/metal/rack_delegation.rb:13:in `dispatch'
  actionpack (4.0.0.rc2) lib/action_controller/metal.rb:231:in `block in action'
  actionpack (4.0.0.rc2) lib/action_dispatch/routing/route_set.rb:80:in `call'
  actionpack (4.0.0.rc2) lib/action_dispatch/routing/route_set.rb:80:in `dispatch'
  actionpack (4.0.0.rc2) lib/action_dispatch/routing/route_set.rb:48:in `call'
  actionpack (4.0.0.rc2) lib/action_dispatch/journey/router.rb:71:in `block in call'
  actionpack (4.0.0.rc2) lib/action_dispatch/journey/router.rb:59:in `each'
  actionpack (4.0.0.rc2) lib/action_dispatch/journey/router.rb:59:in `call'
  actionpack (4.0.0.rc2) lib/action_dispatch/routing/route_set.rb:655:in `call'
  rack (1.5.2) lib/rack/etag.rb:23:in `call'
  rack (1.5.2) lib/rack/conditionalget.rb:25:in `call'
  rack (1.5.2) lib/rack/head.rb:11:in `call'
  actionpack (4.0.0.rc2) lib/action_dispatch/middleware/params_parser.rb:27:in `call'
  actionpack (4.0.0.rc2) lib/action_dispatch/middleware/flash.rb:241:in `call'
  rack (1.5.2) lib/rack/session/abstract/id.rb:225:in `context'
  rack (1.5.2) lib/rack/session/abstract/id.rb:220:in `call'
  actionpack (4.0.0.rc2) lib/action_dispatch/middleware/cookies.rb:486:in `call'
  activerecord (4.0.0.rc2) lib/active_record/query_cache.rb:36:in `call'
  activerecord (4.0.0.rc2) lib/active_record/connection_adapters/abstract/connection_pool.rb:626:in `call'
  activerecord (4.0.0.rc2) lib/active_record/migration.rb:369:in `call'
  actionpack (4.0.0.rc2) lib/action_dispatch/middleware/callbacks.rb:29:in `block in call'
  activesupport (4.0.0.rc2) lib/active_support/callbacks.rb:373:in `_run__1013754082__call__callbacks'
  activesupport (4.0.0.rc2) lib/active_support/callbacks.rb:80:in `run_callbacks'
  actionpack (4.0.0.rc2) lib/action_dispatch/middleware/callbacks.rb:27:in `call'
  actionpack (4.0.0.rc2) lib/action_dispatch/middleware/reloader.rb:64:in `call'
  actionpack (4.0.0.rc2) lib/action_dispatch/middleware/remote_ip.rb:76:in `call'
  actionpack (4.0.0.rc2) lib/action_dispatch/middleware/debug_exceptions.rb:17:in `call'
  actionpack (4.0.0.rc2) lib/action_dispatch/middleware/show_exceptions.rb:30:in `call'
  railties (4.0.0.rc2) lib/rails/rack/logger.rb:38:in `call_app'
  railties (4.0.0.rc2) lib/rails/rack/logger.rb:21:in `block in call'
  activesupport (4.0.0.rc2) lib/active_support/tagged_logging.rb:67:in `block in tagged'
  activesupport (4.0.0.rc2) lib/active_support/tagged_logging.rb:25:in `tagged'
  activesupport (4.0.0.rc2) lib/active_support/tagged_logging.rb:67:in `tagged'
  railties (4.0.0.rc2) lib/rails/rack/logger.rb:21:in `call'
  actionpack (4.0.0.rc2) lib/action_dispatch/middleware/request_id.rb:21:in `call'
  rack (1.5.2) lib/rack/methodoverride.rb:21:in `call'
  rack (1.5.2) lib/rack/runtime.rb:17:in `call'
  activesupport (4.0.0.rc2) lib/active_support/cache/strategy/local_cache.rb:83:in `call'
  rack (1.5.2) lib/rack/lock.rb:17:in `call'
  actionpack (4.0.0.rc2) lib/action_dispatch/middleware/static.rb:64:in `call'
  railties (4.0.0.rc2) lib/rails/engine.rb:511:in `call'
  railties (4.0.0.rc2) lib/rails/application.rb:97:in `call'
  rack (1.5.2) lib/rack/lock.rb:17:in `call'
  rack (1.5.2) lib/rack/content_length.rb:14:in `call'
  rack (1.5.2) lib/rack/handler/webrick.rb:60:in `service'
  C:/RailsInstaller/Ruby1.9.3/lib/ruby/1.9.1/webrick/httpserver.rb:138:in `service'
  C:/RailsInstaller/Ruby1.9.3/lib/ruby/1.9.1/webrick/httpserver.rb:94:in `run'
  C:/RailsInstaller/Ruby1.9.3/lib/ruby/1.9.1/webrick/server.rb:191:in `block in start_thread'


  Rendered C:/RailsInstaller/Ruby1.9.3/lib/ruby/gems/1.9.1/gems/actionpack-4.0.0.rc2/lib/action_dispatch/middleware/templates/rescues/unknown_action.erb within rescues/layout (1.0ms)


Started GET "/about" for 127.0.0.1 at 2013-08-12 14:27:25 -0400
Processing by PagesController#about as HTML
  Rendered pages/about.html.erb within layouts/application (1.0ms)
Completed 200 OK in 16ms (Views: 12.0ms | ActiveRecord: 0.0ms)


Started GET "/assets/pages.css?body=1" for 127.0.0.1 at 2013-08-12 14:27:26 -0400


Started GET "/assets/application.css?body=1" for 127.0.0.1 at 2013-08-12 14:27:26 -0400


Started GET "/" for 127.0.0.1 at 2013-08-12 14:27:44 -0400
Processing by PagesController#home as HTML
  Rendered pages/home.html.erb within layouts/application (0.0ms)
Completed 200 OK in 12ms (Views: 11.0ms | ActiveRecord: 0.0ms)


Started GET "/assets/application.css?body=1" for 127.0.0.1 at 2013-08-12 14:27:45 -0400


Started GET "/assets/pages.css?body=1" for 127.0.0.1 at 2013-08-12 14:27:45 -0400


Started GET "/" for 127.0.0.1 at 2013-08-12 14:36:49 -0400
Processing by PagesController#home as HTML
  Rendered pages/home.html.erb within layouts/application (1.0ms)
Completed 200 OK in 25ms (Views: 22.0ms | ActiveRecord: 0.0ms)


Started GET "/assets/pages.css?body=1" for 127.0.0.1 at 2013-08-12 14:36:49 -0400


Started GET "/assets/application.css?body=1" for 127.0.0.1 at 2013-08-12 14:36:49 -0400


Started GET "/" for 127.0.0.1 at 2013-08-12 14:39:27 -0400
Processing by PagesController#home as HTML
  Rendered pages/home.html.erb within layouts/application (1.0ms)
Completed 200 OK in 8ms (Views: 7.0ms | ActiveRecord: 0.0ms)


Started GET "/assets/pages.css?body=1" for 127.0.0.1 at 2013-08-12 14:39:27 -0400


Started GET "/assets/application.css?body=1" for 127.0.0.1 at 2013-08-12 14:39:27 -0400


Started GET "/" for 127.0.0.1 at 2013-08-12 14:40:08 -0400
Processing by PagesController#home as HTML
  Rendered pages/home.html.erb within layouts/application (0.0ms)
Completed 200 OK in 22ms (Views: 21.0ms | ActiveRecord: 0.0ms)


Started GET "/assets/pages.css?body=1" for 127.0.0.1 at 2013-08-12 14:40:08 -0400


Started GET "/assets/application.css?body=1" for 127.0.0.1 at 2013-08-12 14:40:08 -0400


Started GET "/" for 127.0.0.1 at 2013-08-12 14:42:01 -0400
Processing by PagesController#home as HTML
  Rendered pages/home.html.erb within layouts/application (1.0ms)
Completed 200 OK in 8ms (Views: 8.0ms | ActiveRecord: 0.0ms)


Started GET "/assets/pages.css?body=1" for 127.0.0.1 at 2013-08-12 14:42:01 -0400


Started GET "/assets/application.css?body=1" for 127.0.0.1 at 2013-08-12 14:42:01 -0400


Started GET "/" for 127.0.0.1 at 2013-08-12 14:45:39 -0400
Processing by PagesController#home as HTML
  Rendered pages/home.html.erb within layouts/application (2.0ms)
Completed 200 OK in 15ms (Views: 14.0ms | ActiveRecord: 0.0ms)


Started GET "/assets/application.css?body=1" for 127.0.0.1 at 2013-08-12 14:45:40 -0400


Started GET "/assets/pages.css?body=1" for 127.0.0.1 at 2013-08-12 14:45:40 -0400


Started GET "/" for 127.0.0.1 at 2013-08-12 14:45:43 -0400
Processing by PagesController#home as HTML
  Rendered pages/home.html.erb within layouts/application (0.0ms)
Completed 200 OK in 9ms (Views: 7.0ms | ActiveRecord: 0.0ms)


Started GET "/assets/application.css?body=1" for 127.0.0.1 at 2013-08-12 14:45:44 -0400


Started GET "/assets/pages.css?body=1" for 127.0.0.1 at 2013-08-12 14:45:44 -0400


Started GET "/about" for 127.0.0.1 at 2013-08-12 14:49:07 -0400
Processing by PagesController#about as HTML
  Rendered pages/about.html.erb within layouts/application (2.0ms)
Completed 200 OK in 20ms (Views: 16.0ms | ActiveRecord: 0.0ms)


Started GET "/assets/pages.css?body=1" for 127.0.0.1 at 2013-08-12 14:49:08 -0400


Started GET "/assets/application.css?body=1" for 127.0.0.1 at 2013-08-12 14:49:08 -0400


Started GET "/about" for 127.0.0.1 at 2013-08-12 14:50:50 -0400
Processing by PagesController#about as HTML
  Rendered pages/about.html.erb within layouts/application (3.0ms)
Completed 200 OK in 23ms (Views: 22.0ms | ActiveRecord: 0.0ms)


Started GET "/assets/application.css?body=1" for 127.0.0.1 at 2013-08-12 14:50:50 -0400


Started GET "/assets/pages.css?body=1" for 127.0.0.1 at 2013-08-12 14:50:50 -0400


Started GET "/" for 127.0.0.1 at 2013-08-12 14:50:51 -0400
Processing by PagesController#home as HTML
  Rendered pages/home.html.erb within layouts/application (4.0ms)
Completed 200 OK in 18ms (Views: 17.0ms | ActiveRecord: 0.0ms)


Started GET "/assets/application.css?body=1" for 127.0.0.1 at 2013-08-12 14:50:51 -0400


Started GET "/assets/pages.css?body=1" for 127.0.0.1 at 2013-08-12 14:50:51 -0400


Started GET "/about" for 127.0.0.1 at 2013-08-12 14:50:52 -0400
Processing by PagesController#about as HTML
  Rendered pages/about.html.erb within layouts/application (0.0ms)
Completed 200 OK in 6ms (Views: 6.0ms | ActiveRecord: 0.0ms)


Started GET "/assets/application.css?body=1" for 127.0.0.1 at 2013-08-12 14:50:52 -0400


Started GET "/assets/pages.css?body=1" for 127.0.0.1 at 2013-08-12 14:50:52 -0400


Started GET "/" for 127.0.0.1 at 2013-08-12 14:50:53 -0400
Processing by PagesController#home as HTML
  Rendered pages/home.html.erb within layouts/application (1.0ms)
Completed 200 OK in 9ms (Views: 8.0ms | ActiveRecord: 0.0ms)


Started GET "/assets/application.css?body=1" for 127.0.0.1 at 2013-08-12 14:50:54 -0400


Started GET "/assets/pages.css?body=1" for 127.0.0.1 at 2013-08-12 14:50:54 -0400


Started GET "/" for 127.0.0.1 at 2013-08-12 14:58:29 -0400
Processing by PagesController#home as HTML
  Rendered pages/home.html.erb within layouts/application (2.0ms)
Completed 200 OK in 18ms (Views: 17.0ms | ActiveRecord: 0.0ms)


Started GET "/assets/application.css?body=1" for 127.0.0.1 at 2013-08-12 14:58:29 -0400


Started GET "/assets/pages.css?body=1" for 127.0.0.1 at 2013-08-12 14:58:29 -0400


Started GET "/" for 127.0.0.1 at 2013-08-12 14:58:30 -0400
Processing by PagesController#home as HTML
  Rendered pages/home.html.erb within layouts/application (0.0ms)
Completed 200 OK in 9ms (Views: 6.0ms | ActiveRecord: 0.0ms)


Started GET "/assets/application.css?body=1" for 127.0.0.1 at 2013-08-12 14:58:30 -0400


Started GET "/assets/pages.css?body=1" for 127.0.0.1 at 2013-08-12 14:58:30 -0400


Started GET "/about" for 127.0.0.1 at 2013-08-12 14:58:31 -0400
Processing by PagesController#about as HTML
  Rendered pages/about.html.erb within layouts/application (2.0ms)
Completed 200 OK in 11ms (Views: 11.0ms | ActiveRecord: 0.0ms)


Started GET "/assets/application.css?body=1" for 127.0.0.1 at 2013-08-12 14:58:31 -0400


Started GET "/assets/pages.css?body=1" for 127.0.0.1 at 2013-08-12 14:58:31 -0400


Started GET "/" for 127.0.0.1 at 2013-08-12 14:58:33 -0400
Processing by PagesController#home as HTML
  Rendered pages/home.html.erb within layouts/application (0.0ms)
Completed 200 OK in 10ms (Views: 9.0ms | ActiveRecord: 0.0ms)


Started GET "/assets/application.css?body=1" for 127.0.0.1 at 2013-08-12 14:58:33 -0400


Started GET "/assets/pages.css?body=1" for 127.0.0.1 at 2013-08-12 14:58:33 -0400


Started GET "/" for 127.0.0.1 at 2013-08-12 14:59:25 -0400
Processing by PagesController#home as HTML
  Rendered pages/home.html.erb within layouts/application (1.0ms)
Completed 200 OK in 10ms (Views: 9.0ms | ActiveRecord: 0.0ms)


Started GET "/assets/pages.css?body=1" for 127.0.0.1 at 2013-08-12 14:59:25 -0400


Started GET "/assets/application.css?body=1" for 127.0.0.1 at 2013-08-12 14:59:25 -0400


Started GET "/" for 127.0.0.1 at 2013-08-12 14:59:26 -0400
Processing by PagesController#home as HTML
  Rendered pages/home.html.erb within layouts/application (0.0ms)
Completed 200 OK in 14ms (Views: 12.0ms | ActiveRecord: 0.0ms)


Started GET "/assets/application.css?body=1" for 127.0.0.1 at 2013-08-12 14:59:26 -0400


Started GET "/assets/pages.css?body=1" for 127.0.0.1 at 2013-08-12 14:59:26 -0400


Started GET "/about" for 127.0.0.1 at 2013-08-12 14:59:27 -0400
Processing by PagesController#about as HTML
  Rendered pages/about.html.erb within layouts/application (1.0ms)
Completed 200 OK in 14ms (Views: 12.0ms | ActiveRecord: 0.0ms)


Started GET "/assets/application.css?body=1" for 127.0.0.1 at 2013-08-12 14:59:27 -0400


Started GET "/assets/pages.css?body=1" for 127.0.0.1 at 2013-08-12 14:59:27 -0400


Started GET "/" for 127.0.0.1 at 2013-08-12 14:59:29 -0400
Processing by PagesController#home as HTML
  Rendered pages/home.html.erb within layouts/application (0.0ms)
Completed 200 OK in 7ms (Views: 6.0ms | ActiveRecord: 0.0ms)


Started GET "/assets/application.css?body=1" for 127.0.0.1 at 2013-08-12 14:59:29 -0400


Started GET "/assets/pages.css?body=1" for 127.0.0.1 at 2013-08-12 14:59:29 -0400


Started GET "/" for 127.0.0.1 at 2013-08-12 15:03:01 -0400
Processing by PagesController#home as HTML
  Rendered pages/home.html.erb within layouts/application (0.0ms)
  Rendered layouts/_header.html.erb (1.0ms)
Completed 200 OK in 22ms (Views: 20.0ms | ActiveRecord: 0.0ms)


Started GET "/assets/pages.css?body=1" for 127.0.0.1 at 2013-08-12 15:03:01 -0400


Started GET "/assets/application.css?body=1" for 127.0.0.1 at 2013-08-12 15:03:02 -0400


Started GET "/" for 127.0.0.1 at 2013-08-12 15:03:26 -0400
Processing by PagesController#home as HTML
  Rendered pages/home.html.erb within layouts/application (1.0ms)
  Rendered layouts/_header.html.erb (0.0ms)
Completed 200 OK in 22ms (Views: 20.0ms | ActiveRecord: 0.0ms)


Started GET "/assets/application.css?body=1" for 127.0.0.1 at 2013-08-12 15:03:26 -0400


Started GET "/assets/pages.css?body=1" for 127.0.0.1 at 2013-08-12 15:03:26 -0400


Started GET "/" for 127.0.0.1 at 2013-08-12 15:03:50 -0400
Processing by PagesController#home as HTML
  Rendered pages/home.html.erb within layouts/application (0.0ms)
  Rendered layouts/_header.html.erb (1.0ms)
Completed 200 OK in 23ms (Views: 21.6ms | ActiveRecord: 0.0ms)


Started GET "/assets/pages.css?body=1" for 127.0.0.1 at 2013-08-12 15:03:50 -0400


Started GET "/assets/application.css?body=1" for 127.0.0.1 at 2013-08-12 15:03:50 -0400


Started GET "/" for 127.0.0.1 at 2013-08-12 15:05:25 -0400
Processing by PagesController#home as HTML
  Rendered pages/home.html.erb within layouts/application (0.0ms)
  Rendered layouts/_header.html.erb (1.0ms)
Completed 500 Internal Server Error in 32ms

ActionView::Template::Error (Missing partial layouts/footer with {:locale=>[:en], :formats=>[:html], :handlers=>[:erb, :builder, :raw, :ruby, :jbuilder, :coffee]}. Searched in:
  * "C:/Sites/code/omrails/app/views"
):
    10: 			<%= render 'layouts/header' %>
    11: 
    12: 		<%= yield %>
    13: 			<%= render 'layouts/footer' %>
    14: 
    15: 		</body>
    16: </html>
  app/views/layouts/application.html.erb:13:in `_app_views_layouts_application_html_erb___160798311_37338444'


  Rendered C:/RailsInstaller/Ruby1.9.3/lib/ruby/gems/1.9.1/gems/actionpack-4.0.0.rc2/lib/action_dispatch/middleware/templates/rescues/_trace.erb (2.0ms)
  Rendered C:/RailsInstaller/Ruby1.9.3/lib/ruby/gems/1.9.1/gems/actionpack-4.0.0.rc2/lib/action_dispatch/middleware/templates/rescues/_request_and_response.erb (13.0ms)
  Rendered C:/RailsInstaller/Ruby1.9.3/lib/ruby/gems/1.9.1/gems/actionpack-4.0.0.rc2/lib/action_dispatch/middleware/templates/rescues/template_error.erb within rescues/layout (84.1ms)


Started GET "/" for 127.0.0.1 at 2013-08-12 15:05:42 -0400
Processing by PagesController#home as HTML
  Rendered pages/home.html.erb within layouts/application (1.0ms)
  Rendered layouts/_header.html.erb (0.0ms)
Completed 500 Internal Server Error in 33ms

ActionView::Template::Error (Missing partial layouts/footer with {:locale=>[:en], :formats=>[:html], :handlers=>[:erb, :builder, :raw, :ruby, :jbuilder, :coffee]}. Searched in:
  * "C:/Sites/code/omrails/app/views"
):
    11: 
    12: 		<%= yield %>
    13: 		
    14: 			<%= render 'layouts/footer' %>
    15: 
    16: 		</body>
    17: </html>
  app/views/layouts/application.html.erb:14:in `_app_views_layouts_application_html_erb___160798311_37307580'


  Rendered C:/RailsInstaller/Ruby1.9.3/lib/ruby/gems/1.9.1/gems/actionpack-4.0.0.rc2/lib/action_dispatch/middleware/templates/rescues/_trace.erb (2.0ms)
  Rendered C:/RailsInstaller/Ruby1.9.3/lib/ruby/gems/1.9.1/gems/actionpack-4.0.0.rc2/lib/action_dispatch/middleware/templates/rescues/_request_and_response.erb (1.0ms)
  Rendered C:/RailsInstaller/Ruby1.9.3/lib/ruby/gems/1.9.1/gems/actionpack-4.0.0.rc2/lib/action_dispatch/middleware/templates/rescues/template_error.erb within rescues/layout (56.0ms)


Started GET "/" for 127.0.0.1 at 2013-08-12 15:05:43 -0400
Processing by PagesController#home as HTML
  Rendered pages/home.html.erb within layouts/application (0.0ms)
  Rendered layouts/_header.html.erb (1.0ms)
Completed 500 Internal Server Error in 18ms

ActionView::Template::Error (Missing partial layouts/footer with {:locale=>[:en], :formats=>[:html], :handlers=>[:erb, :builder, :raw, :ruby, :jbuilder, :coffee]}. Searched in:
  * "C:/Sites/code/omrails/app/views"
):
    11: 
    12: 		<%= yield %>
    13: 		
    14: 			<%= render 'layouts/footer' %>
    15: 
    16: 		</body>
    17: </html>
  app/views/layouts/application.html.erb:14:in `_app_views_layouts_application_html_erb___160798311_37307580'


  Rendered C:/RailsInstaller/Ruby1.9.3/lib/ruby/gems/1.9.1/gems/actionpack-4.0.0.rc2/lib/action_dispatch/middleware/templates/rescues/_trace.erb (3.0ms)
  Rendered C:/RailsInstaller/Ruby1.9.3/lib/ruby/gems/1.9.1/gems/actionpack-4.0.0.rc2/lib/action_dispatch/middleware/templates/rescues/_request_and_response.erb (2.0ms)
  Rendered C:/RailsInstaller/Ruby1.9.3/lib/ruby/gems/1.9.1/gems/actionpack-4.0.0.rc2/lib/action_dispatch/middleware/templates/rescues/template_error.erb within rescues/layout (35.0ms)


Started GET "/" for 127.0.0.1 at 2013-08-12 15:05:44 -0400
Processing by PagesController#home as HTML
  Rendered pages/home.html.erb within layouts/application (2.0ms)
  Rendered layouts/_header.html.erb (1.0ms)
Completed 500 Internal Server Error in 31ms

ActionView::Template::Error (Missing partial layouts/footer with {:locale=>[:en], :formats=>[:html], :handlers=>[:erb, :builder, :raw, :ruby, :jbuilder, :coffee]}. Searched in:
  * "C:/Sites/code/omrails/app/views"
):
    11: 
    12: 		<%= yield %>
    13: 		
    14: 			<%= render 'layouts/footer' %>
    15: 
    16: 		</body>
    17: </html>
  app/views/layouts/application.html.erb:14:in `_app_views_layouts_application_html_erb___160798311_37307580'


  Rendered C:/RailsInstaller/Ruby1.9.3/lib/ruby/gems/1.9.1/gems/actionpack-4.0.0.rc2/lib/action_dispatch/middleware/templates/rescues/_trace.erb (2.0ms)
  Rendered C:/RailsInstaller/Ruby1.9.3/lib/ruby/gems/1.9.1/gems/actionpack-4.0.0.rc2/lib/action_dispatch/middleware/templates/rescues/_request_and_response.erb (1.0ms)
  Rendered C:/RailsInstaller/Ruby1.9.3/lib/ruby/gems/1.9.1/gems/actionpack-4.0.0.rc2/lib/action_dispatch/middleware/templates/rescues/template_error.erb within rescues/layout (43.0ms)


Started GET "/" for 127.0.0.1 at 2013-08-12 15:06:22 -0400
Processing by PagesController#home as HTML
  Rendered pages/home.html.erb within layouts/application (1.0ms)
  Rendered layouts/_header.html.erb (1.0ms)
  Rendered layouts/_footer.html.erb (1.0ms)
Completed 200 OK in 22ms (Views: 20.0ms | ActiveRecord: 0.0ms)


Started GET "/assets/application.css?body=1" for 127.0.0.1 at 2013-08-12 15:06:22 -0400


Started GET "/assets/pages.css?body=1" for 127.0.0.1 at 2013-08-12 15:06:22 -0400


Started GET "/about" for 127.0.0.1 at 2013-08-12 15:06:25 -0400
Processing by PagesController#about as HTML
  Rendered pages/about.html.erb within layouts/application (1.0ms)
  Rendered layouts/_header.html.erb (0.0ms)
  Rendered layouts/_footer.html.erb (0.0ms)
Completed 200 OK in 9ms (Views: 8.0ms | ActiveRecord: 0.0ms)


Started GET "/assets/application.css?body=1" for 127.0.0.1 at 2013-08-12 15:06:25 -0400


Started GET "/assets/pages.css?body=1" for 127.0.0.1 at 2013-08-12 15:06:25 -0400


Started GET "/" for 127.0.0.1 at 2013-08-12 15:06:26 -0400
Processing by PagesController#home as HTML
  Rendered pages/home.html.erb within layouts/application (1.0ms)
  Rendered layouts/_header.html.erb (1.0ms)
  Rendered layouts/_footer.html.erb (0.0ms)
Completed 200 OK in 24ms (Views: 23.0ms | ActiveRecord: 0.0ms)


Started GET "/assets/application.css?body=1" for 127.0.0.1 at 2013-08-12 15:06:27 -0400


Started GET "/assets/pages.css?body=1" for 127.0.0.1 at 2013-08-12 15:06:27 -0400


Started GET "/" for 127.0.0.1 at 2013-08-12 16:25:17 -0400
Processing by PagesController#home as HTML
  Rendered pages/home.html.erb within layouts/application (4.0ms)
Completed 500 Internal Server Error in 52ms

ActionView::Template::Error (File to import not found or unreadable: bootstrap.
Load paths:
  C:/Sites/code/omrails/app/assets/images
  C:/Sites/code/omrails/app/assets/javascripts
  C:/Sites/code/omrails/app/assets/stylesheets
  C:/Sites/code/omrails/vendor/assets/javascripts
  C:/Sites/code/omrails/vendor/assets/stylesheets
  C:/RailsInstaller/Ruby1.9.3/lib/ruby/gems/1.9.1/gems/turbolinks-1.3.0/lib/assets/javascripts
  C:/RailsInstaller/Ruby1.9.3/lib/ruby/gems/1.9.1/gems/jquery-rails-3.0.4/vendor/assets/javascripts
  C:/RailsInstaller/Ruby1.9.3/lib/ruby/gems/1.9.1/gems/coffee-rails-4.0.0/lib/assets/javascripts
  (in C:/Sites/code/omrails/app/assets/stylesheets/styles.css.scss:1)):
    2: <html>
    3: 		<head>
    4: 		  <title>One Month Rails</title>
    5: 		  <%= stylesheet_link_tag    "application", media: "all", "data-turbolinks-track" => true %>
    6: 		  <%= csrf_meta_tags %>
    7: 
    8: 		</head>
  app/assets/stylesheets/styles.css.scss:1
  app/views/layouts/application.html.erb:5:in `_app_views_layouts_application_html_erb___160798311_37307580'


  Rendered C:/RailsInstaller/Ruby1.9.3/lib/ruby/gems/1.9.1/gems/actionpack-4.0.0.rc2/lib/action_dispatch/middleware/templates/rescues/_trace.erb (1.0ms)
  Rendered C:/RailsInstaller/Ruby1.9.3/lib/ruby/gems/1.9.1/gems/actionpack-4.0.0.rc2/lib/action_dispatch/middleware/templates/rescues/_request_and_response.erb (2.0ms)
  Rendered C:/RailsInstaller/Ruby1.9.3/lib/ruby/gems/1.9.1/gems/actionpack-4.0.0.rc2/lib/action_dispatch/middleware/templates/rescues/template_error.erb within rescues/layout (31.0ms)


Started GET "/" for 127.0.0.1 at 2013-08-12 16:27:15 -0400
Processing by PagesController#home as HTML
  Rendered pages/home.html.erb within layouts/application (5.0ms)
  Rendered layouts/_header.html.erb (1.0ms)
  Rendered layouts/_footer.html.erb (1.0ms)
Completed 200 OK in 3459ms (Views: 3419.2ms | ActiveRecord: 0.0ms)


Started GET "/assets/styles.css?body=1" for 127.0.0.1 at 2013-08-12 16:27:19 -0400


Started GET "/assets/pages.css?body=1" for 127.0.0.1 at 2013-08-12 16:27:19 -0400


Started GET "/assets/application.css?body=1" for 127.0.0.1 at 2013-08-12 16:27:19 -0400


Started GET "/about" for 127.0.0.1 at 2013-08-12 16:29:20 -0400
Processing by PagesController#about as HTML
  Rendered pages/about.html.erb within layouts/application (1.0ms)
  Rendered layouts/_header.html.erb (2.0ms)
  Rendered layouts/_footer.html.erb (0.0ms)
Completed 200 OK in 45ms (Views: 44.0ms | ActiveRecord: 0.0ms)


Started GET "/assets/application.css?body=1" for 127.0.0.1 at 2013-08-12 16:29:20 -0400


Started GET "/assets/pages.css?body=1" for 127.0.0.1 at 2013-08-12 16:29:20 -0400


Started GET "/assets/styles.css?body=1" for 127.0.0.1 at 2013-08-12 16:29:21 -0400


Started GET "/" for 127.0.0.1 at 2013-08-12 16:29:23 -0400
Processing by PagesController#home as HTML
  Rendered pages/home.html.erb within layouts/application (0.0ms)
  Rendered layouts/_header.html.erb (1.0ms)
  Rendered layouts/_footer.html.erb (0.0ms)
Completed 200 OK in 100ms (Views: 96.1ms | ActiveRecord: 0.0ms)


Started GET "/assets/pages.css?body=1" for 127.0.0.1 at 2013-08-12 16:29:23 -0400


Started GET "/assets/application.css?body=1" for 127.0.0.1 at 2013-08-12 16:29:23 -0400


Started GET "/assets/styles.css?body=1" for 127.0.0.1 at 2013-08-12 16:29:23 -0400


Started GET "/" for 127.0.0.1 at 2013-08-12 16:35:30 -0400
Processing by PagesController#home as HTML
  Rendered pages/home.html.erb within layouts/application (1.0ms)
  Rendered layouts/_header.html.erb (0.0ms)
  Rendered layouts/_footer.html.erb (0.0ms)
Completed 200 OK in 4053ms (Views: 4050.7ms | ActiveRecord: 0.0ms)


Started GET "/" for 127.0.0.1 at 2013-08-12 16:35:34 -0400
Processing by PagesController#home as HTML
  Rendered pages/home.html.erb within layouts/application (0.0ms)
  Rendered layouts/_header.html.erb (1.0ms)
  Rendered layouts/_footer.html.erb (1.0ms)
Completed 200 OK in 34ms (Views: 34.0ms | ActiveRecord: 0.0ms)


Started GET "/assets/application.css?body=1" for 127.0.0.1 at 2013-08-12 16:35:34 -0400


Started GET "/assets/pages.css?body=1" for 127.0.0.1 at 2013-08-12 16:35:34 -0400


Started GET "/assets/styles.css?body=1" for 127.0.0.1 at 2013-08-12 16:35:34 -0400


Started GET "/" for 127.0.0.1 at 2013-08-12 16:42:16 -0400
Processing by PagesController#home as HTML
  Rendered pages/home.html.erb within layouts/application (0.0ms)
  Rendered layouts/_header.html.erb (7.0ms)
  Rendered layouts/_footer.html.erb (0.0ms)
Completed 200 OK in 94ms (Views: 93.1ms | ActiveRecord: 0.0ms)


Started GET "/assets/application.css?body=1" for 127.0.0.1 at 2013-08-12 16:42:16 -0400


Started GET "/assets/pages.css?body=1" for 127.0.0.1 at 2013-08-12 16:42:16 -0400


Started GET "/assets/styles.css?body=1" for 127.0.0.1 at 2013-08-12 16:42:16 -0400


Started GET "/" for 127.0.0.1 at 2013-08-12 16:44:36 -0400
Processing by PagesController#home as HTML
  Rendered pages/home.html.erb within layouts/application (0.0ms)
  Rendered layouts/_header.html.erb (1.0ms)
  Rendered layouts/_footer.html.erb (0.0ms)
Completed 200 OK in 41ms (Views: 39.0ms | ActiveRecord: 0.0ms)


Started GET "/assets/application.css?body=1" for 127.0.0.1 at 2013-08-12 16:44:36 -0400


Started GET "/assets/pages.css?body=1" for 127.0.0.1 at 2013-08-12 16:44:36 -0400


Started GET "/assets/styles.css?body=1" for 127.0.0.1 at 2013-08-12 16:44:37 -0400


Started GET "/" for 127.0.0.1 at 2013-08-12 16:45:09 -0400
Processing by PagesController#home as HTML
  Rendered pages/home.html.erb within layouts/application (0.0ms)
  Rendered layouts/_header.html.erb (1.0ms)
  Rendered layouts/_footer.html.erb (0.0ms)
Completed 200 OK in 48ms (Views: 47.0ms | ActiveRecord: 0.0ms)


Started GET "/assets/pages.css?body=1" for 127.0.0.1 at 2013-08-12 16:45:10 -0400


Started GET "/assets/application.css?body=1" for 127.0.0.1 at 2013-08-12 16:45:10 -0400


Started GET "/assets/styles.css?body=1" for 127.0.0.1 at 2013-08-12 16:45:10 -0400


Started GET "/" for 127.0.0.1 at 2013-08-12 16:45:33 -0400
Processing by PagesController#home as HTML
  Rendered pages/home.html.erb within layouts/application (0.0ms)
  Rendered layouts/_header.html.erb (1.0ms)
  Rendered layouts/_footer.html.erb (0.0ms)
Completed 200 OK in 31ms (Views: 30.0ms | ActiveRecord: 0.0ms)


Started GET "/assets/application.css?body=1" for 127.0.0.1 at 2013-08-12 16:45:33 -0400


Started GET "/assets/pages.css?body=1" for 127.0.0.1 at 2013-08-12 16:45:33 -0400


Started GET "/assets/styles.css?body=1" for 127.0.0.1 at 2013-08-12 16:45:33 -0400


Started GET "/assets/glyphicons-halflings.png" for 127.0.0.1 at 2013-08-12 16:53:36 -0400


Started GET "/" for 127.0.0.1 at 2013-08-12 16:56:17 -0400
Processing by PagesController#home as HTML
  Rendered pages/home.html.erb within layouts/application (2.0ms)
  Rendered layouts/_header.html.erb (1.0ms)
  Rendered layouts/_footer.html.erb (0.0ms)
Completed 200 OK in 4128ms (Views: 4125.7ms | ActiveRecord: 0.0ms)


Started GET "/assets/application.css?body=1" for 127.0.0.1 at 2013-08-12 16:56:21 -0400


Started GET "/assets/pages.css?body=1" for 127.0.0.1 at 2013-08-12 16:56:21 -0400


Started GET "/assets/styles.css?body=1" for 127.0.0.1 at 2013-08-12 16:56:21 -0400


Started GET "/assets/glyphicons-halflings.png" for 127.0.0.1 at 2013-08-12 16:56:22 -0400


Started GET "/" for 127.0.0.1 at 2013-08-12 16:56:26 -0400
Processing by PagesController#home as HTML
  Rendered pages/home.html.erb within layouts/application (1.0ms)
  Rendered layouts/_header.html.erb (1.0ms)
  Rendered layouts/_footer.html.erb (0.0ms)
Completed 200 OK in 37ms (Views: 37.0ms | ActiveRecord: 0.0ms)


Started GET "/assets/application.css?body=1" for 127.0.0.1 at 2013-08-12 16:56:26 -0400


Started GET "/assets/styles.css?body=1" for 127.0.0.1 at 2013-08-12 16:56:26 -0400


Started GET "/assets/pages.css?body=1" for 127.0.0.1 at 2013-08-12 16:56:27 -0400


Started GET "/" for 127.0.0.1 at 2013-08-12 16:57:40 -0400
Processing by PagesController#home as HTML
  Rendered pages/home.html.erb within layouts/application (1.0ms)
  Rendered layouts/_header.html.erb (1.0ms)
  Rendered layouts/_footer.html.erb (1.0ms)
Completed 200 OK in 60ms (Views: 60.0ms | ActiveRecord: 0.0ms)


Started GET "/assets/styles.css?body=1" for 127.0.0.1 at 2013-08-12 16:57:40 -0400


Started GET "/assets/pages.css?body=1" for 127.0.0.1 at 2013-08-12 16:57:40 -0400


Started GET "/assets/application.css?body=1" for 127.0.0.1 at 2013-08-12 16:57:40 -0400


Started GET "/" for 127.0.0.1 at 2013-08-12 16:58:51 -0400
Processing by PagesController#home as HTML
  Rendered pages/home.html.erb within layouts/application (0.0ms)
  Rendered layouts/_header.html.erb (1.0ms)
  Rendered layouts/_footer.html.erb (0.0ms)
Completed 200 OK in 22ms (Views: 21.0ms | ActiveRecord: 0.0ms)


Started GET "/assets/application.css?body=1" for 127.0.0.1 at 2013-08-12 16:58:51 -0400


Started GET "/assets/pages.css?body=1" for 127.0.0.1 at 2013-08-12 16:58:51 -0400


Started GET "/assets/styles.css?body=1" for 127.0.0.1 at 2013-08-12 16:58:52 -0400


Started GET "/" for 127.0.0.1 at 2013-08-12 16:59:47 -0400
Processing by PagesController#home as HTML
  Rendered pages/home.html.erb within layouts/application (2.0ms)
  Rendered layouts/_header.html.erb (1.0ms)
  Rendered layouts/_footer.html.erb (0.0ms)
Completed 200 OK in 3885ms (Views: 3883.6ms | ActiveRecord: 0.0ms)


Started GET "/assets/application.css?body=1" for 127.0.0.1 at 2013-08-12 16:59:52 -0400


Started GET "/assets/styles.css?body=1" for 127.0.0.1 at 2013-08-12 16:59:52 -0400


Started GET "/assets/pages.css?body=1" for 127.0.0.1 at 2013-08-12 16:59:52 -0400


Started GET "/" for 127.0.0.1 at 2013-08-12 16:59:55 -0400
Processing by PagesController#home as HTML
  Rendered pages/home.html.erb within layouts/application (1.0ms)
  Rendered layouts/_header.html.erb (0.0ms)
  Rendered layouts/_footer.html.erb (0.0ms)
Completed 200 OK in 31ms (Views: 29.0ms | ActiveRecord: 0.0ms)


Started GET "/assets/styles.css?body=1" for 127.0.0.1 at 2013-08-12 16:59:56 -0400


Started GET "/assets/application.css?body=1" for 127.0.0.1 at 2013-08-12 16:59:56 -0400


Started GET "/assets/pages.css?body=1" for 127.0.0.1 at 2013-08-12 16:59:56 -0400


Started GET "/" for 127.0.0.1 at 2013-08-12 17:00:42 -0400
Processing by PagesController#home as HTML
  Rendered pages/home.html.erb within layouts/application (0.0ms)
  Rendered layouts/_header.html.erb (1.0ms)
  Rendered layouts/_footer.html.erb (1.0ms)
Completed 200 OK in 3523ms (Views: 3522.3ms | ActiveRecord: 0.0ms)


Started GET "/assets/styles.css?body=1" for 127.0.0.1 at 2013-08-12 17:00:46 -0400


Started GET "/assets/application.css?body=1" for 127.0.0.1 at 2013-08-12 17:00:46 -0400


Started GET "/assets/pages.css?body=1" for 127.0.0.1 at 2013-08-12 17:00:46 -0400


Started GET "/" for 127.0.0.1 at 2013-08-12 17:00:49 -0400
Processing by PagesController#home as HTML
  Rendered pages/home.html.erb within layouts/application (1.0ms)
  Rendered layouts/_header.html.erb (2.0ms)
  Rendered layouts/_footer.html.erb (0.0ms)
Completed 200 OK in 54ms (Views: 52.0ms | ActiveRecord: 0.0ms)


Started GET "/assets/application.css?body=1" for 127.0.0.1 at 2013-08-12 17:00:49 -0400


Started GET "/assets/styles.css?body=1" for 127.0.0.1 at 2013-08-12 17:00:49 -0400


Started GET "/assets/pages.css?body=1" for 127.0.0.1 at 2013-08-12 17:00:50 -0400


Started GET "/" for 127.0.0.1 at 2013-08-12 17:00:57 -0400
Processing by PagesController#home as HTML
  Rendered pages/home.html.erb within layouts/application (0.0ms)
  Rendered layouts/_header.html.erb (0.0ms)
  Rendered layouts/_footer.html.erb (0.0ms)
Completed 200 OK in 46ms (Views: 45.0ms | ActiveRecord: 0.0ms)


Started GET "/assets/application.css?body=1" for 127.0.0.1 at 2013-08-12 17:00:57 -0400


Started GET "/assets/pages.css?body=1" for 127.0.0.1 at 2013-08-12 17:00:57 -0400


Started GET "/assets/styles.css?body=1" for 127.0.0.1 at 2013-08-12 17:00:57 -0400


Started GET "/" for 127.0.0.1 at 2013-08-12 17:01:04 -0400
Processing by PagesController#home as HTML
  Rendered pages/home.html.erb within layouts/application (0.0ms)
  Rendered layouts/_header.html.erb (1.0ms)
  Rendered layouts/_footer.html.erb (0.0ms)
Completed 200 OK in 43ms (Views: 42.0ms | ActiveRecord: 0.0ms)


Started GET "/assets/application.css?body=1" for 127.0.0.1 at 2013-08-12 17:01:04 -0400


Started GET "/assets/pages.css?body=1" for 127.0.0.1 at 2013-08-12 17:01:04 -0400


Started GET "/assets/styles.css?body=1" for 127.0.0.1 at 2013-08-12 17:01:04 -0400


Started GET "/" for 127.0.0.1 at 2013-08-12 17:01:06 -0400
Processing by PagesController#home as HTML
  Rendered pages/home.html.erb within layouts/application (0.0ms)
  Rendered layouts/_header.html.erb (0.0ms)
  Rendered layouts/_footer.html.erb (0.0ms)
Completed 200 OK in 25ms (Views: 24.0ms | ActiveRecord: 0.0ms)


Started GET "/assets/application.css?body=1" for 127.0.0.1 at 2013-08-12 17:01:06 -0400


Started GET "/assets/pages.css?body=1" for 127.0.0.1 at 2013-08-12 17:01:06 -0400


Started GET "/assets/styles.css?body=1" for 127.0.0.1 at 2013-08-12 17:01:06 -0400


Started GET "/" for 127.0.0.1 at 2013-08-12 17:01:07 -0400
Processing by PagesController#home as HTML
  Rendered pages/home.html.erb within layouts/application (1.0ms)
  Rendered layouts/_header.html.erb (0.0ms)
  Rendered layouts/_footer.html.erb (0.0ms)
Completed 200 OK in 27ms (Views: 26.0ms | ActiveRecord: 0.0ms)


Started GET "/assets/styles.css?body=1" for 127.0.0.1 at 2013-08-12 17:01:07 -0400


Started GET "/assets/application.css?body=1" for 127.0.0.1 at 2013-08-12 17:01:07 -0400


Started GET "/assets/pages.css?body=1" for 127.0.0.1 at 2013-08-12 17:01:07 -0400


Started GET "/" for 127.0.0.1 at 2013-08-12 17:01:08 -0400
Processing by PagesController#home as HTML
  Rendered pages/home.html.erb within layouts/application (0.0ms)
  Rendered layouts/_header.html.erb (0.0ms)
  Rendered layouts/_footer.html.erb (0.0ms)
Completed 200 OK in 26ms (Views: 26.0ms | ActiveRecord: 0.0ms)


Started GET "/assets/pages.css?body=1" for 127.0.0.1 at 2013-08-12 17:01:08 -0400


Started GET "/assets/application.css?body=1" for 127.0.0.1 at 2013-08-12 17:01:08 -0400


Started GET "/assets/styles.css?body=1" for 127.0.0.1 at 2013-08-12 17:01:08 -0400


Started GET "/" for 127.0.0.1 at 2013-08-12 17:01:09 -0400
Processing by PagesController#home as HTML
  Rendered pages/home.html.erb within layouts/application (0.0ms)
  Rendered layouts/_header.html.erb (0.0ms)
  Rendered layouts/_footer.html.erb (0.0ms)
Completed 200 OK in 34ms (Views: 33.0ms | ActiveRecord: 0.0ms)


Started GET "/assets/styles.css?body=1" for 127.0.0.1 at 2013-08-12 17:01:10 -0400


Started GET "/assets/pages.css?body=1" for 127.0.0.1 at 2013-08-12 17:01:10 -0400


Started GET "/assets/application.css?body=1" for 127.0.0.1 at 2013-08-12 17:01:10 -0400


Started GET "/" for 127.0.0.1 at 2013-08-12 17:01:11 -0400
Processing by PagesController#home as HTML
  Rendered pages/home.html.erb within layouts/application (0.0ms)
  Rendered layouts/_header.html.erb (1.0ms)
  Rendered layouts/_footer.html.erb (0.0ms)
Completed 200 OK in 33ms (Views: 32.0ms | ActiveRecord: 0.0ms)


Started GET "/assets/application.css?body=1" for 127.0.0.1 at 2013-08-12 17:01:12 -0400


Started GET "/assets/pages.css?body=1" for 127.0.0.1 at 2013-08-12 17:01:12 -0400


Started GET "/assets/styles.css?body=1" for 127.0.0.1 at 2013-08-12 17:01:12 -0400


Started GET "/" for 127.0.0.1 at 2013-08-12 17:01:13 -0400
Processing by PagesController#home as HTML
  Rendered pages/home.html.erb within layouts/application (1.0ms)
  Rendered layouts/_header.html.erb (0.0ms)
  Rendered layouts/_footer.html.erb (0.0ms)
Completed 200 OK in 29ms (Views: 28.0ms | ActiveRecord: 0.0ms)


Started GET "/assets/application.css?body=1" for 127.0.0.1 at 2013-08-12 17:01:13 -0400


Started GET "/assets/pages.css?body=1" for 127.0.0.1 at 2013-08-12 17:01:13 -0400


Started GET "/assets/styles.css?body=1" for 127.0.0.1 at 2013-08-12 17:01:13 -0400


Started GET "/" for 127.0.0.1 at 2013-08-12 17:01:14 -0400
Processing by PagesController#home as HTML
  Rendered pages/home.html.erb within layouts/application (0.0ms)
  Rendered layouts/_header.html.erb (1.0ms)
  Rendered layouts/_footer.html.erb (0.0ms)
Completed 200 OK in 24ms (Views: 23.0ms | ActiveRecord: 0.0ms)


Started GET "/assets/application.css?body=1" for 127.0.0.1 at 2013-08-12 17:01:14 -0400


Started GET "/assets/pages.css?body=1" for 127.0.0.1 at 2013-08-12 17:01:14 -0400


Started GET "/assets/styles.css?body=1" for 127.0.0.1 at 2013-08-12 17:01:14 -0400


Started GET "/" for 127.0.0.1 at 2013-08-12 17:02:46 -0400
Processing by PagesController#home as HTML
  Rendered pages/home.html.erb within layouts/application (0.0ms)
  Rendered layouts/_header.html.erb (1.0ms)
  Rendered layouts/_footer.html.erb (1.0ms)
Completed 200 OK in 56ms (Views: 54.0ms | ActiveRecord: 0.0ms)


Started GET "/assets/styles.css?body=1" for 127.0.0.1 at 2013-08-12 17:02:46 -0400


Started GET "/assets/pages.css?body=1" for 127.0.0.1 at 2013-08-12 17:02:47 -0400


Started GET "/assets/application.css?body=1" for 127.0.0.1 at 2013-08-12 17:02:47 -0400


Started GET "/" for 127.0.0.1 at 2013-08-12 17:02:49 -0400
Processing by PagesController#home as HTML
  Rendered pages/home.html.erb within layouts/application (1.0ms)
  Rendered layouts/_header.html.erb (1.0ms)
  Rendered layouts/_footer.html.erb (0.0ms)
Completed 200 OK in 93ms (Views: 92.1ms | ActiveRecord: 0.0ms)


Started GET "/assets/application.css?body=1" for 127.0.0.1 at 2013-08-12 17:02:49 -0400


Started GET "/assets/pages.css?body=1" for 127.0.0.1 at 2013-08-12 17:02:49 -0400


Started GET "/assets/styles.css?body=1" for 127.0.0.1 at 2013-08-12 17:02:49 -0400


Started GET "/" for 127.0.0.1 at 2013-08-12 17:02:51 -0400
Processing by PagesController#home as HTML
  Rendered pages/home.html.erb within layouts/application (0.0ms)
  Rendered layouts/_header.html.erb (0.0ms)
  Rendered layouts/_footer.html.erb (0.0ms)
Completed 200 OK in 33ms (Views: 33.0ms | ActiveRecord: 0.0ms)


Started GET "/assets/application.css?body=1" for 127.0.0.1 at 2013-08-12 17:02:51 -0400


Started GET "/assets/styles.css?body=1" for 127.0.0.1 at 2013-08-12 17:02:51 -0400


Started GET "/assets/pages.css?body=1" for 127.0.0.1 at 2013-08-12 17:02:51 -0400


Started GET "/" for 127.0.0.1 at 2013-08-12 17:02:52 -0400
Processing by PagesController#home as HTML
  Rendered pages/home.html.erb within layouts/application (0.0ms)
  Rendered layouts/_header.html.erb (0.0ms)
  Rendered layouts/_footer.html.erb (0.0ms)
Completed 200 OK in 38ms (Views: 37.0ms | ActiveRecord: 0.0ms)


Started GET "/assets/styles.css?body=1" for 127.0.0.1 at 2013-08-12 17:02:52 -0400


Started GET "/assets/application.css?body=1" for 127.0.0.1 at 2013-08-12 17:02:52 -0400


Started GET "/assets/pages.css?body=1" for 127.0.0.1 at 2013-08-12 17:02:52 -0400


Started GET "/" for 127.0.0.1 at 2013-08-12 17:02:53 -0400
Processing by PagesController#home as HTML
  Rendered pages/home.html.erb within layouts/application (0.0ms)
  Rendered layouts/_header.html.erb (0.0ms)
  Rendered layouts/_footer.html.erb (0.0ms)
Completed 200 OK in 118ms (Views: 116.1ms | ActiveRecord: 0.0ms)


Started GET "/assets/styles.css?body=1" for 127.0.0.1 at 2013-08-12 17:02:54 -0400


Started GET "/assets/application.css?body=1" for 127.0.0.1 at 2013-08-12 17:02:54 -0400


Started GET "/assets/pages.css?body=1" for 127.0.0.1 at 2013-08-12 17:02:54 -0400


Started GET "/" for 127.0.0.1 at 2013-08-12 17:02:54 -0400
Processing by PagesController#home as HTML
  Rendered pages/home.html.erb within layouts/application (1.0ms)
  Rendered layouts/_header.html.erb (0.0ms)
  Rendered layouts/_footer.html.erb (0.0ms)
Completed 200 OK in 74ms (Views: 70.0ms | ActiveRecord: 0.0ms)


Started GET "/assets/application.css?body=1" for 127.0.0.1 at 2013-08-12 17:02:55 -0400


Started GET "/assets/pages.css?body=1" for 127.0.0.1 at 2013-08-12 17:02:55 -0400


Started GET "/assets/styles.css?body=1" for 127.0.0.1 at 2013-08-12 17:02:55 -0400


Started GET "/about" for 127.0.0.1 at 2013-08-12 17:02:56 -0400
Processing by PagesController#about as HTML
  Rendered pages/about.html.erb within layouts/application (1.0ms)
  Rendered layouts/_header.html.erb (1.0ms)
  Rendered layouts/_footer.html.erb (0.0ms)
Completed 200 OK in 34ms (Views: 33.0ms | ActiveRecord: 0.0ms)


Started GET "/assets/application.css?body=1" for 127.0.0.1 at 2013-08-12 17:02:56 -0400


Started GET "/assets/styles.css?body=1" for 127.0.0.1 at 2013-08-12 17:02:56 -0400


Started GET "/assets/pages.css?body=1" for 127.0.0.1 at 2013-08-12 17:02:56 -0400


Started GET "/" for 127.0.0.1 at 2013-08-12 17:02:57 -0400
Processing by PagesController#home as HTML
  Rendered pages/home.html.erb within layouts/application (0.0ms)
  Rendered layouts/_header.html.erb (0.0ms)
  Rendered layouts/_footer.html.erb (0.0ms)
Completed 200 OK in 99ms (Views: 98.1ms | ActiveRecord: 0.0ms)


Started GET "/assets/application.css?body=1" for 127.0.0.1 at 2013-08-12 17:02:58 -0400


Started GET "/assets/styles.css?body=1" for 127.0.0.1 at 2013-08-12 17:02:58 -0400


Started GET "/assets/pages.css?body=1" for 127.0.0.1 at 2013-08-12 17:02:58 -0400


Started GET "/" for 127.0.0.1 at 2013-08-12 17:05:06 -0400
Processing by PagesController#home as HTML
  Rendered pages/home.html.erb within layouts/application (1.0ms)
  Rendered layouts/_header.html.erb (2.0ms)
  Rendered layouts/_footer.html.erb (0.0ms)
Completed 200 OK in 117ms (Views: 115.1ms | ActiveRecord: 0.0ms)


Started GET "/assets/pages.css?body=1" for 127.0.0.1 at 2013-08-12 17:05:06 -0400


Started GET "/assets/application.css?body=1" for 127.0.0.1 at 2013-08-12 17:05:06 -0400


Started GET "/assets/styles.css?body=1" for 127.0.0.1 at 2013-08-12 17:05:06 -0400


Started GET "/" for 127.0.0.1 at 2013-08-12 17:06:03 -0400
Processing by PagesController#home as HTML
  Rendered pages/home.html.erb within layouts/application (2.0ms)
  Rendered layouts/_header.html.erb (1.0ms)
  Rendered layouts/_footer.html.erb (0.0ms)
Completed 200 OK in 44ms (Views: 43.0ms | ActiveRecord: 0.0ms)


Started GET "/assets/application.css?body=1" for 127.0.0.1 at 2013-08-12 17:06:04 -0400


Started GET "/assets/styles.css?body=1" for 127.0.0.1 at 2013-08-12 17:06:04 -0400


Started GET "/assets/pages.css?body=1" for 127.0.0.1 at 2013-08-12 17:06:04 -0400


Started GET "/" for 127.0.0.1 at 2013-08-12 17:07:09 -0400
Processing by PagesController#home as HTML
  Rendered pages/home.html.erb within layouts/application (0.0ms)
  Rendered layouts/_header.html.erb (1.0ms)
  Rendered layouts/_footer.html.erb (0.0ms)
Completed 200 OK in 3844ms (Views: 3842.6ms | ActiveRecord: 0.0ms)


Started GET "/assets/styles.css?body=1" for 127.0.0.1 at 2013-08-12 17:07:13 -0400


Started GET "/assets/application.css?body=1" for 127.0.0.1 at 2013-08-12 17:07:13 -0400


Started GET "/assets/pages.css?body=1" for 127.0.0.1 at 2013-08-12 17:07:13 -0400


Started GET "/" for 127.0.0.1 at 2013-08-12 17:09:19 -0400
Processing by PagesController#home as HTML
  Rendered pages/home.html.erb within layouts/application (0.0ms)
  Rendered layouts/_header.html.erb (1.0ms)
  Rendered layouts/_footer.html.erb (1.0ms)
Completed 200 OK in 3558ms (Views: 3555.4ms | ActiveRecord: 0.0ms)


Started GET "/assets/pages.css?body=1" for 127.0.0.1 at 2013-08-12 17:09:23 -0400


Started GET "/assets/application.css?body=1" for 127.0.0.1 at 2013-08-12 17:09:23 -0400


Started GET "/assets/styles.css?body=1" for 127.0.0.1 at 2013-08-12 17:09:23 -0400


Started GET "/" for 127.0.0.1 at 2013-08-12 17:10:16 -0400
Processing by PagesController#home as HTML
  Rendered pages/home.html.erb within layouts/application (0.0ms)
  Rendered layouts/_header.html.erb (0.0ms)
  Rendered layouts/_footer.html.erb (1.0ms)
Completed 200 OK in 55ms (Views: 54.0ms | ActiveRecord: 0.0ms)


Started GET "/assets/application.css?body=1" for 127.0.0.1 at 2013-08-12 17:10:16 -0400


Started GET "/assets/styles.css?body=1" for 127.0.0.1 at 2013-08-12 17:10:17 -0400


Started GET "/assets/pages.css?body=1" for 127.0.0.1 at 2013-08-12 17:10:17 -0400


Started GET "/about" for 127.0.0.1 at 2013-08-12 17:10:18 -0400
Processing by PagesController#about as HTML
  Rendered pages/about.html.erb within layouts/application (1.0ms)
  Rendered layouts/_header.html.erb (0.0ms)
  Rendered layouts/_footer.html.erb (0.0ms)
Completed 200 OK in 43ms (Views: 41.0ms | ActiveRecord: 0.0ms)


Started GET "/assets/application.css?body=1" for 127.0.0.1 at 2013-08-12 17:10:19 -0400


Started GET "/assets/styles.css?body=1" for 127.0.0.1 at 2013-08-12 17:10:19 -0400


Started GET "/assets/pages.css?body=1" for 127.0.0.1 at 2013-08-12 17:10:19 -0400


Started GET "/" for 127.0.0.1 at 2013-08-12 17:10:22 -0400
Processing by PagesController#home as HTML
  Rendered pages/home.html.erb within layouts/application (1.0ms)
  Rendered layouts/_header.html.erb (2.0ms)
  Rendered layouts/_footer.html.erb (0.0ms)
Completed 200 OK in 68ms (Views: 66.0ms | ActiveRecord: 0.0ms)


Started GET "/assets/application.css?body=1" for 127.0.0.1 at 2013-08-12 17:10:22 -0400


Started GET "/assets/styles.css?body=1" for 127.0.0.1 at 2013-08-12 17:10:22 -0400


Started GET "/assets/pages.css?body=1" for 127.0.0.1 at 2013-08-12 17:10:22 -0400


Started GET "/about" for 127.0.0.1 at 2013-08-12 17:10:23 -0400
Processing by PagesController#about as HTML
  Rendered pages/about.html.erb within layouts/application (0.0ms)
  Rendered layouts/_header.html.erb (1.0ms)
  Rendered layouts/_footer.html.erb (0.0ms)
Completed 200 OK in 36ms (Views: 34.0ms | ActiveRecord: 0.0ms)


Started GET "/assets/pages.css?body=1" for 127.0.0.1 at 2013-08-12 17:10:24 -0400


Started GET "/assets/styles.css?body=1" for 127.0.0.1 at 2013-08-12 17:10:24 -0400


Started GET "/assets/application.css?body=1" for 127.0.0.1 at 2013-08-12 17:10:24 -0400


Started GET "/" for 127.0.0.1 at 2013-08-12 17:10:25 -0400
Processing by PagesController#home as HTML
  Rendered pages/home.html.erb within layouts/application (0.0ms)
  Rendered layouts/_header.html.erb (0.0ms)
  Rendered layouts/_footer.html.erb (0.0ms)
Completed 200 OK in 53ms (Views: 52.0ms | ActiveRecord: 0.0ms)


Started GET "/assets/application.css?body=1" for 127.0.0.1 at 2013-08-12 17:10:25 -0400


Started GET "/assets/pages.css?body=1" for 127.0.0.1 at 2013-08-12 17:10:25 -0400


Started GET "/assets/styles.css?body=1" for 127.0.0.1 at 2013-08-12 17:10:25 -0400
